Vivado Simulator 2020.1
Copyright 1986-1999, 2001-2020 Xilinx, Inc. All Rights Reserved.
Running: C:/XilinxVitis/Vivado/2020.1/bin/unwrapped/win64.o/xelab.exe -wto 3132fbb7b4e840bdbb60d100d3ed967b --incr --debug typical --relax --mt 2 -L xil_defaultlib -L unisims_ver -L unimacro_ver -L secureip --snapshot basys3_behav xil_defaultlib.basys3 xil_defaultlib.glbl -log elaborate.log 
Using 2 slave threads.
Starting static elaboration
Pass Through NonSizing Optimizer
WARNING: [VRFC 10-3091] actual bit length 4 differs from formal bit length 16 for port 'out' [H:/DL202010_Lab08/Lab08/systemverilog/sseg4.sv:57]
WARNING: [VRFC 10-3091] actual bit length 4 differs from formal bit length 16 for port 'in3' [H:/DL202010_Lab08/Lab08/systemverilog/sseg4.sv:58]
WARNING: [VRFC 10-3091] actual bit length 4 differs from formal bit length 16 for port 'in2' [H:/DL202010_Lab08/Lab08/systemverilog/sseg4.sv:59]
WARNING: [VRFC 10-3091] actual bit length 4 differs from formal bit length 16 for port 'in1' [H:/DL202010_Lab08/Lab08/systemverilog/sseg4.sv:60]
WARNING: [VRFC 10-3091] actual bit length 4 differs from formal bit length 16 for port 'in0' [H:/DL202010_Lab08/Lab08/systemverilog/sseg4.sv:61]
WARNING: [VRFC 10-3091] actual bit length 7 differs from formal bit length 16 for port 'in1' [H:/DL202010_Lab08/Lab08/systemverilog/sseg4.sv:74]
WARNING: [VRFC 10-3091] actual bit length 7 differs from formal bit length 16 for port 'in0' [H:/DL202010_Lab08/Lab08/systemverilog/sseg4.sv:75]
WARNING: [VRFC 10-3091] actual bit length 7 differs from formal bit length 16 for port 'out' [H:/DL202010_Lab08/Lab08/systemverilog/sseg4.sv:77]
Completed static elaboration
Starting simulation data flow analysis
Completed simulation data flow analysis
Time Resolution for simulation is 1ps
Compiling module xil_defaultlib.add3
Compiling module xil_defaultlib.bcd11
Compiling module xil_defaultlib.mux2(BITS=16)
Compiling module xil_defaultlib.mux4(BITS=16)
Compiling module xil_defaultlib.sseg_decoder
Compiling module xil_defaultlib.an_decoder
Compiling module xil_defaultlib.sseg4
Compiling module xil_defaultlib.sseg4_manual
Compiling module xil_defaultlib.disp
Compiling module xil_defaultlib.basys3
Compiling module xil_defaultlib.glbl
Built simulation snapshot basys3_behav
