INFO: [VRFC 10-2263] Analyzing SystemVerilog file "H:/DL202010_Lab08/Lab08/systemverilog/add3.sv" into library xil_defaultlib
INFO: [VRFC 10-311] analyzing module add3
INFO: [VRFC 10-2263] Analyzing SystemVerilog file "H:/DL202010_Lab08/Lab08/systemverilog/an_decoder.sv" into library xil_defaultlib
INFO: [VRFC 10-311] analyzing module an_decoder
INFO: [VRFC 10-2263] Analyzing SystemVerilog file "H:/DL202010_Lab08/Lab08/systemverilog/bcd11.sv" into library xil_defaultlib
INFO: [VRFC 10-311] analyzing module bcd11
INFO: [VRFC 10-2263] Analyzing SystemVerilog file "H:/DL202010_Lab08/disp.sv" into library xil_defaultlib
INFO: [VRFC 10-311] analyzing module disp
INFO: [VRFC 10-2263] Analyzing SystemVerilog file "H:/DL202010_Lab08/Lab08/systemverilog/mux2.sv" into library xil_defaultlib
INFO: [VRFC 10-311] analyzing module mux2
INFO: [VRFC 10-2263] Analyzing SystemVerilog file "H:/DL202010_Lab08/Lab08/systemverilog/mux4.sv" into library xil_defaultlib
INFO: [VRFC 10-311] analyzing module mux4
INFO: [VRFC 10-2263] Analyzing SystemVerilog file "H:/DL202010_Lab08/Lab08/systemverilog/sseg4.sv" into library xil_defaultlib
INFO: [VRFC 10-311] analyzing module sseg4
INFO: [VRFC 10-2263] Analyzing SystemVerilog file "H:/DL202010_Lab08/Lab08/systemverilog/sseg4_manual.sv" into library xil_defaultlib
INFO: [VRFC 10-311] analyzing module sseg4_manual
INFO: [VRFC 10-2263] Analyzing SystemVerilog file "H:/DL202010_Lab08/Lab08/systemverilog/sseg_decoder.sv" into library xil_defaultlib
INFO: [VRFC 10-311] analyzing module sseg_decoder
INFO: [VRFC 10-2263] Analyzing SystemVerilog file "H:/DL202010_Lab08/basys3.sv" into library xil_defaultlib
INFO: [VRFC 10-311] analyzing module basys3
